


ARM Macro Assembler    Page 1 


    1 00000000         ; Print.s
    2 00000000         ; Student names: change this to your names or look very 
                       silly
    3 00000000         ; Last modification date: change this to the last modifi
                       cation date or look very silly
    4 00000000         ; Runs on TM4C123
    5 00000000         ; EE319K lab 7 device driver for any LCD
    6 00000000         ;
    7 00000000         ; As part of Lab 7, students need to implement these LCD
                       _OutDec and LCD_OutFix
    8 00000000         ; This driver assumes two low-level LCD functions
    9 00000000         ; ST7735_OutChar   outputs a single 8-bit ASCII characte
                       r
   10 00000000         ; ST7735_OutString outputs a null-terminated string 
   11 00000000         
   12 00000000         
   13 00000000                 IMPORT           ST7735_OutChar
   14 00000000                 IMPORT           ST7735_OutString
   15 00000000                 EXPORT           LCD_OutDec
   16 00000000                 EXPORT           LCD_OutFix
   17 00000000         
   18 00000000                 AREA             |.text|, CODE, READONLY, ALIGN=
2
   19 00000000                 THUMB
   20 00000000         
   21 00000000         
   22 00000000         
   23 00000000         ;-----------------------LCD_OutDec----------------------
                       -
   24 00000000         ; Output a 32-bit number in unsigned decimal format
   25 00000000         ; Input: R0 (call by value) 32-bit unsigned number
   26 00000000         ; Output: none
   27 00000000         ; Invariables: This function must not permanently modify
                        registers R4 to R11
   28 00000000         ; R0=0,    then output "0"
   29 00000000         ; R0=3,    then output "3"
   30 00000000         ; R0=89,   then output "89"
   31 00000000         ; R0=123,  then output "123"
   32 00000000         ; R0=9999, then output "9999"
   33 00000000         ; R0=4294967295, then output "4294967295"
   34 00000000         LCD_OutDec
   35 00000000 E92D 49F0       PUSH{R4-R8,R11,  LR}
   36 00000004 B082            SUB              SP, #8      ;
   37 00000006 46EB            MOV              R11, SP     ;
   38 00000008 F8CB 0004       STR              R0, [R11, #4] ;
   39 0000000C F04F 0400       MOV              R4, #0      ;
   40 00000010 F8CB 4000       STR              R4, [R11, #0] ;
   41 00000014         Branchdec
   42 00000014 F04F 050A       MOV              R5, #10     ;
   43 00000018 F8DB 4004       LDR              R4, [R11, #4] ;
   44 0000001C 2C00            CMP              R4, #0      ;
   45 0000001E D010            BEQ              nextstep    ;
   46 00000020 FBB4 F6F5       UDIV             R6, R4, R5  ;
   47 00000024 FB06 F705       MUL              R7, R6, R5  ;
   48 00000028 EBA4 0807       SUB              R8, R4, R7  ;
   49 0000002C F84D 8D04       PUSH{R8}                     ;
   50 00000030 F8CB 6004       STR              R6, [R11, #4] ;
   51 00000034 F8DB 6000       LDR              R6, [R11, #0] ;
   52 00000038 F106 0601       ADD              R6, #1      ;



ARM Macro Assembler    Page 2 


   53 0000003C F8CB 6000       STR              R6, [R11, #0] ;
   54 00000040 E7E8            B                Branchdec
   55 00000042         
   56 00000042         nextstep
   57 00000042 F8DB 4000       LDR              R4, [R11, #0] ;
   58 00000046 2C00            CMP              R4, #0      ;
   59 00000048 D104            BNE              next
   60 0000004A F04F 0030       MOV              R0, #0x30   ;
   61 0000004E F7FF FFFE       BL               ST7735_OutChar
   62 00000052 E00D            B                finish
   63 00000054         next
   64 00000054         
   65 00000054 F8DB 4000       LDR              R4, [R11, #0] ;
   66 00000058 2C00            CMP              R4, #0      ;
   67 0000005A D009            BEQ              finish
   68 0000005C BC01            POP{R0}
   69 0000005E F100 0030       ADD              R0, #0x30   ;
   70 00000062 F7FF FFFE       BL               ST7735_OutChar
   71 00000066 F1A4 0401       SUB              R4, #1      ;
   72 0000006A F8CB 4000       STR              R4, [R11, #0] ;
   73 0000006E E7F1            B                next
   74 00000070         
   75 00000070         
   76 00000070         finish
   77 00000070 B002            ADD              SP, #8
   78 00000072 E8BD 49F0       POP{R4-R8,R11,   LR}
   79 00000076 4770            BX               LR
   80 00000078         ;* * * * * * * * End of LCD_OutDec * * * * * * * *
   81 00000078         
   82 00000078         ; -----------------------LCD _OutFix--------------------
                       --
   83 00000078         ; Output characters to LCD display in fixed-point format
                       
   84 00000078         ; unsigned decimal, resolution 0.001, range 0.000 to 9.9
                       99
   85 00000078         ; Inputs:  R0 is an unsigned 32-bit number
   86 00000078         ; Outputs: none
   87 00000078         ; E.g., R0=0,    then output "0.000"
   88 00000078         ;       R0=3,    then output "0.003"
   89 00000078         ;       R0=89,   then output "0.089"
   90 00000078         ;       R0=123,  then output "0.123"
   91 00000078         ;       R0=9999, then output "9.999"
   92 00000078         ;       R0>9999, then output "*.***"
   93 00000078         ; Invariables: This function must not permanently modify
                        registers R4 to R11
   94 00000078         LCD_OutFix
   95 00000078 E92D 49F0       PUSH{R4-R8,R11,  LR}
   96 0000007C B082            SUB              SP, #8      ; 
   97 0000007E F242 740F       LDR              R4, =9999   ;
   98 00000082 42A0            CMP              R0, R4      ;
   99 00000084 D834            BHI              asterix     ;
  100 00000086         
  101 00000086         
  102 00000086 46EB            MOV              R11, SP     ;
  103 00000088 F8CB 0004       STR              R0, [R11, #4] ;
  104 0000008C F04F 0400       MOV              R4, #0      ;
  105 00000090 F8CB 4000       STR              R4, [R11, #0] ;
  106 00000094         
  107 00000094         



ARM Macro Assembler    Page 3 


  108 00000094         Branchdec2
  109 00000094 F04F 050A       MOV              R5, #10     ;
  110 00000098 F8DB 4000       LDR              R4, [R11, #0] ;
  111 0000009C 2C04            CMP              R4, #4      ;
  112 0000009E D012            BEQ              next2       ;
  113 000000A0 F8DB 4004       LDR              R4, [R11, #4] ;
  114 000000A4 FBB4 F6F5       UDIV             R6, R4, R5  ;
  115 000000A8 FB06 F705       MUL              R7, R6, R5  ;
  116 000000AC EBA4 0807       SUB              R8, R4, R7  ;
  117 000000B0 F84D 8D04       PUSH{R8}                     ;
  118 000000B4 F8CB 6004       STR              R6, [R11, #4] ;
  119 000000B8 F8DB 6000       LDR              R6, [R11, #0] ;
  120 000000BC F106 0601       ADD              R6, #1      ;
  121 000000C0 F8CB 6000       STR              R6, [R11, #0] ;
  122 000000C4 E7E6            B                Branchdec2
  123 000000C6         
  124 000000C6         next2
  125 000000C6 F8DB 4000       LDR              R4, [R11, #0] ;
  126 000000CA 2C00            CMP              R4, #0      ;
  127 000000CC D024            BEQ              finish2
  128 000000CE 2C03            CMP              R4, #3      ;
  129 000000D0 D009            BEQ              adddot      ;
  130 000000D2         dotdone
  131 000000D2 BC01            POP{R0}
  132 000000D4 F100 0030       ADD              R0, #0x30   ;
  133 000000D8 F7FF FFFE       BL               ST7735_OutChar
  134 000000DC F1A4 0401       SUB              R4, #1      ;
  135 000000E0 F8CB 4000       STR              R4, [R11, #0] ;
  136 000000E4 E7EF            B                next2
  137 000000E6         adddot
  138 000000E6 F04F 002E       MOV              R0, #46     ;
  139 000000EA F7FF FFFE       BL               ST7735_OutChar ;
  140 000000EE E7F0            B                dotdone
  141 000000F0         
  142 000000F0         asterix
  143 000000F0 F04F 002A       MOV              R0, #42     ;
  144 000000F4 F7FF FFFE       BL               ST7735_OutChar ;
  145 000000F8 F04F 002E       MOV              R0, #46     ;
  146 000000FC F7FF FFFE       BL               ST7735_OutChar ;
  147 00000100 F04F 002A       MOV              R0, #42     ;
  148 00000104 F7FF FFFE       BL               ST7735_OutChar ; 
  149 00000108 F04F 002A       MOV              R0, #42     ;
  150 0000010C F7FF FFFE       BL               ST7735_OutChar ;
  151 00000110 F04F 002A       MOV              R0, #42     ;
  152 00000114 F7FF FFFE       BL               ST7735_OutChar ;
  153 00000118         
  154 00000118         finish2
  155 00000118 B002            ADD              SP,#8       ;
  156 0000011A E8BD 49F0       POP{R4-R8,R11,   LR}
  157 0000011E         
  158 0000011E 4770            BX               LR
  159 00000120         
  160 00000120                 ALIGN
  161 00000120         ;* * * * * * * * End of LCD_OutFix * * * * * * * *
  162 00000120         
  163 00000120                 ALIGN                        ; make sure the end
                                                             of this section is
                                                             aligned
  164 00000120                 END                          ; end of file



ARM Macro Assembler    Page 4 


Command Line: --debug --xref --diag_suppress=9931 --cpu=Cortex-M4 --apcs=interw
ork --depend=.\print.d -o.\print.o -I.\RTE\_SpaceInvaders -IC:\Users\patel\AppD
ata\Local\Arm\Packs\ARM\CMSIS\5.8.0\CMSIS\Core\Include -IC:\Users\patel\AppData
\Local\Arm\Packs\Keil\TM4C_DFP\1.1.0\Device\Include\TM4C123 --predefine="__EVAL
 SETA 1" --predefine="__UVISION_VERSION SETA 536" --predefine="_RTE_ SETA 1" --
predefine="TM4C123GH6PM SETA 1" --predefine="_RTE_ SETA 1" --list=.\print.lst P
rint.s



ARM Macro Assembler    Page 1 Alphabetic symbol ordering
Relocatable symbols

.text 00000000

Symbol: .text
   Definitions
      At line 18 in file Print.s
   Uses
      None
Comment: .text unused
Branchdec 00000014

Symbol: Branchdec
   Definitions
      At line 41 in file Print.s
   Uses
      At line 54 in file Print.s
Comment: Branchdec used once
Branchdec2 00000094

Symbol: Branchdec2
   Definitions
      At line 108 in file Print.s
   Uses
      At line 122 in file Print.s
Comment: Branchdec2 used once
LCD_OutDec 00000000

Symbol: LCD_OutDec
   Definitions
      At line 34 in file Print.s
   Uses
      At line 15 in file Print.s
Comment: LCD_OutDec used once
LCD_OutFix 00000078

Symbol: LCD_OutFix
   Definitions
      At line 94 in file Print.s
   Uses
      At line 16 in file Print.s
Comment: LCD_OutFix used once
adddot 000000E6

Symbol: adddot
   Definitions
      At line 137 in file Print.s
   Uses
      At line 129 in file Print.s
Comment: adddot used once
asterix 000000F0

Symbol: asterix
   Definitions
      At line 142 in file Print.s
   Uses
      At line 99 in file Print.s
Comment: asterix used once
dotdone 000000D2

Symbol: dotdone



ARM Macro Assembler    Page 2 Alphabetic symbol ordering
Relocatable symbols

   Definitions
      At line 130 in file Print.s
   Uses
      At line 140 in file Print.s
Comment: dotdone used once
finish 00000070

Symbol: finish
   Definitions
      At line 76 in file Print.s
   Uses
      At line 62 in file Print.s
      At line 67 in file Print.s

finish2 00000118

Symbol: finish2
   Definitions
      At line 154 in file Print.s
   Uses
      At line 127 in file Print.s
Comment: finish2 used once
next 00000054

Symbol: next
   Definitions
      At line 63 in file Print.s
   Uses
      At line 59 in file Print.s
      At line 73 in file Print.s

next2 000000C6

Symbol: next2
   Definitions
      At line 124 in file Print.s
   Uses
      At line 112 in file Print.s
      At line 136 in file Print.s

nextstep 00000042

Symbol: nextstep
   Definitions
      At line 56 in file Print.s
   Uses
      At line 45 in file Print.s
Comment: nextstep used once
13 symbols



ARM Macro Assembler    Page 1 Alphabetic symbol ordering
External symbols

ST7735_OutChar 00000000

Symbol: ST7735_OutChar
   Definitions
      At line 13 in file Print.s
   Uses
      At line 61 in file Print.s
      At line 70 in file Print.s
      At line 133 in file Print.s
      At line 139 in file Print.s
      At line 144 in file Print.s
      At line 146 in file Print.s
      At line 148 in file Print.s
      At line 150 in file Print.s
      At line 152 in file Print.s

ST7735_OutString 00000000

Symbol: ST7735_OutString
   Definitions
      At line 14 in file Print.s
   Uses
      None
Comment: ST7735_OutString unused
2 symbols
349 symbols in table
